# JRE version: Java(TM) SE Runtime Environment 18.9 (11.0.16+11) (build 11.0.16+11-LTS-199)
# Java VM: Java HotSpot(TM) 64-Bit Server VM 18.9 (11.0.16+11-LTS-199, mixed mode, tiered, compressed oops, g1 gc, windows-amd64)
Heap:
 garbage-first heap   total 270336K, used 197718K [0x0000000080000000, 0x0000000100000000)
  region size 1024K, 21 young (21504K), 6 survivors (6144K)
 Metaspace       used 98185K, capacity 101114K, committed 101120K, reserved 1136640K
  class space    used 12734K, capacity 13818K, committed 13824K, reserved 1048576K
GC Heap History (10 events):
Event: 21.488 GC heap before
{Heap before GC invocations=82 (full 0):
 garbage-first heap   total 270336K, used 217517K [0x0000000080000000, 0x0000000100000000)
  region size 1024K, 56 young (57344K), 6 survivors (6144K)
 Metaspace       used 92688K, capacity 95179K, committed 95232K, reserved 1132544K
  class space    used 12136K, capacity 13028K, committed 13056K, reserved 1048576K
}
Event: 21.498 GC heap after
{Heap after GC invocations=83 (full 0):
 garbage-first heap   total 270336K, used 170657K [0x0000000080000000, 0x0000000100000000)
  region size 1024K, 6 young (6144K), 6 survivors (6144K)
 Metaspace       used 92688K, capacity 95179K, committed 95232K, reserved 1132544K
  class space    used 12136K, capacity 13028K, committed 13056K, reserved 1048576K
}
Event: 22.046 GC heap before
{Heap before GC invocations=84 (full 0):
 garbage-first heap   total 270336K, used 220833K [0x0000000080000000, 0x0000000100000000)
  region size 1024K, 56 young (57344K), 6 survivors (6144K)
 Metaspace       used 93579K, capacity 96052K, committed 96384K, reserved 1132544K
  class space    used 12181K, capacity 13066K, committed 13184K, reserved 1048576K
}
Event: 22.052 GC heap after
{Heap after GC invocations=85 (full 0):
 garbage-first heap   total 270336K, used 173975K [0x0000000080000000, 0x0000000100000000)
  region size 1024K, 7 young (7168K), 7 survivors (7168K)
 Metaspace       used 93579K, capacity 96052K, committed 96384K, reserved 1132544K
  class space    used 12181K, capacity 13066K, committed 13184K, reserved 1048576K
}
Event: 22.605 GC heap before
{Heap before GC invocations=85 (full 0):
 garbage-first heap   total 270336K, used 223127K [0x0000000080000000, 0x0000000100000000)
  region size 1024K, 56 young (57344K), 7 survivors (7168K)
 Metaspace       used 94833K, capacity 97354K, committed 97536K, reserved 1134592K
  class space    used 12350K, capacity 13281K, committed 13312K, reserved 1048576K
}
Event: 22.611 GC heap after
{Heap after GC invocations=86 (full 0):
 garbage-first heap   total 270336K, used 177549K [0x0000000080000000, 0x0000000100000000)
  region size 1024K, 7 young (7168K), 7 survivors (7168K)
 Metaspace       used 94833K, capacity 97354K, committed 97536K, reserved 1134592K
  class space    used 12350K, capacity 13281K, committed 13312K, reserved 1048576K
}
Event: 22.879 GC heap before
{Heap before GC invocations=87 (full 0):
 garbage-first heap   total 270336K, used 226701K [0x0000000080000000, 0x0000000100000000)
  region size 1024K, 55 young (56320K), 7 survivors (7168K)
 Metaspace       used 96478K, capacity 99107K, committed 99328K, reserved 1134592K
  class space    used 12554K, capacity 13534K, committed 13568K, reserved 1048576K
}
Event: 22.884 GC heap after
{Heap after GC invocations=88 (full 0):
 garbage-first heap   total 270336K, used 179506K [0x0000000080000000, 0x0000000100000000)
  region size 1024K, 2 young (2048K), 2 survivors (2048K)
 Metaspace       used 96478K, capacity 99107K, committed 99328K, reserved 1134592K
  class space    used 12554K, capacity 13534K, committed 13568K, reserved 1048576K
}
Event: 205.965 GC heap before
{Heap before GC invocations=88 (full 0):
 garbage-first heap   total 270336K, used 227634K [0x0000000080000000, 0x0000000100000000)
  region size 1024K, 50 young (51200K), 2 survivors (2048K)
 Metaspace       used 97772K, capacity 100643K, committed 100864K, reserved 1136640K
  class space    used 12696K, capacity 13766K, committed 13824K, reserved 1048576K
}
Event: 206.229 GC heap after
{Heap after GC invocations=89 (full 0):
 garbage-first heap   total 270336K, used 183382K [0x0000000080000000, 0x0000000100000000)
  region size 1024K, 6 young (6144K), 6 survivors (6144K)
 Metaspace       used 97772K, capacity 100643K, committed 100864K, reserved 1136640K
  class space    used 12696K, capacity 13766K, committed 13824K, reserved 1048576K
}

